<?xml version="1.0" encoding="UTF-8"?>
<testng-results ignored="0" total="1" passed="1" failed="0" skipped="0">
  <reporter-output>
  </reporter-output>
  <suite started-at="2025-01-09T00:42:52 IST" name="Default suite" finished-at="2025-01-09T00:42:54 IST" duration-ms="1381">
    <groups>
    </groups>
    <test started-at="2025-01-09T00:42:52 IST" name="Default test" finished-at="2025-01-09T00:42:54 IST" duration-ms="1381">
      <class name="Day1.HTTPrequest">
        <test-method signature="validateCoinDeskApiResponse()[pri:0, instance:Day1.HTTPrequest@1189dd52]" started-at="2025-01-09T00:42:52 IST" name="validateCoinDeskApiResponse" finished-at="2025-01-09T00:42:54 IST" duration-ms="1349" status="PASS">
          <reporter-output>
          </reporter-output>
        </test-method> <!-- validateCoinDeskApiResponse -->
      </class> <!-- Day1.HTTPrequest -->
    </test> <!-- Default test -->
  </suite> <!-- Default suite -->
</testng-results>
